[debug] [2020-12-18T20:00:04.714Z] ----------------------------------------------------------------------
[debug] [2020-12-18T20:00:04.716Z] Command:       C:\Program Files\nodejs\node.exe C:\Users\SILVER\AppData\Roaming\npm\node_modules\firebase-tools\lib\bin\firebase.js init
[debug] [2020-12-18T20:00:04.717Z] CLI Version:   9.0.1
[debug] [2020-12-18T20:00:04.717Z] Platform:      win32
[debug] [2020-12-18T20:00:04.717Z] Node Version:  v14.15.3
[debug] [2020-12-18T20:00:04.718Z] Time:          Sat Dec 19 2020 02:00:04 GMT+0600 (Bangladesh Standard Time)
[debug] [2020-12-18T20:00:04.718Z] ----------------------------------------------------------------------
[debug] [2020-12-18T20:00:04.718Z] 
[debug] [2020-12-18T20:00:04.723Z] > command requires scopes: ["email","openid","https://www.googleapis.com/auth/cloudplatformprojects.readonly","https://www.googleapis.com/auth/firebase","https://www.googleapis.com/auth/cloud-platform"]
[debug] [2020-12-18T20:00:04.724Z] > authorizing via signed-in user
[info] 
     ######## #### ########  ######## ########     ###     ######  ########
     ##        ##  ##     ## ##       ##     ##  ##   ##  ##       ##
     ######    ##  ########  ######   ########  #########  ######  ######
     ##        ##  ##    ##  ##       ##     ## ##     ##       ## ##
     ##       #### ##     ## ######## ########  ##     ##  ######  ########

You're about to initialize a Firebase project in this directory:

  F:\firebase-hosting

[info] 
=== Project Setup
[info] 
[info] First, let's associate this project directory with a Firebase project.
[info] You can create multiple project aliases by running firebase use --add, 
[info] but for now we'll just set up a default project.
[info] 
[debug] [2020-12-18T20:00:47.189Z] > refreshing access token with scopes: ["email","https://www.googleapis.com/auth/cloud-platform","https://www.googleapis.com/auth/cloudplatformprojects.readonly","https://www.googleapis.com/auth/firebase","openid"]
[debug] [2020-12-18T20:00:47.189Z] >>> HTTP REQUEST POST https://www.googleapis.com/oauth2/v3/token  
 <request body omitted>
[debug] [2020-12-18T20:00:47.682Z] <<< HTTP RESPONSE 200 {"expires":"Mon, 01 Jan 1990 00:00:00 GMT","cache-control":"no-cache, no-store, max-age=0, must-revalidate","date":"Fri, 18 Dec 2020 20:00:47 GMT","pragma":"no-cache","content-type":"application/json; charset=utf-8","vary":"X-Origin, Referer, Origin,Accept-Encoding","server":"scaffolding on HTTPServer2","x-xss-protection":"0","x-frame-options":"SAMEORIGIN","x-content-type-options":"nosniff","alt-svc":"h3-29=\":443\"; ma=2592000,h3-T051=\":443\"; ma=2592000,h3-Q050=\":443\"; ma=2592000,h3-Q046=\":443\"; ma=2592000,h3-Q043=\":443\"; ma=2592000,quic=\":443\"; ma=2592000; v=\"46,43\"","accept-ranges":"none","transfer-encoding":"chunked"}
[debug] [2020-12-18T20:00:47.689Z] >>> HTTP REQUEST GET https://firebase.googleapis.com/v1beta1/projects?pageSize=100  
 
[debug] [2020-12-18T20:00:48.501Z] <<< HTTP RESPONSE 200 {"content-type":"application/json; charset=UTF-8","vary":"X-Origin, Referer, Origin,Accept-Encoding","date":"Fri, 18 Dec 2020 20:00:48 GMT","server":"ESF","cache-control":"private","x-xss-protection":"0","x-frame-options":"SAMEORIGIN","x-content-type-options":"nosniff","alt-svc":"h3-29=\":443\"; ma=2592000,h3-T051=\":443\"; ma=2592000,h3-Q050=\":443\"; ma=2592000,h3-Q046=\":443\"; ma=2592000,h3-Q043=\":443\"; ma=2592000,quic=\":443\"; ma=2592000; v=\"46,43\"","accept-ranges":"none","transfer-encoding":"chunked"}
[info] i  Using project fir-hosting-66992 (firebase-hosting) 
[info] 
=== Hosting Setup
[info] 
[info] Your public directory is the folder (relative to your project directory) that
[info] will contain Hosting assets to be uploaded with firebase deploy. If you
[info] have a build process for your assets, use your build's output directory.
[info] 
[info] +  Wrote public/404.html 
[debug] [2020-12-18T20:03:04.406Z] >>> [apiv2][query] GET https://www.gstatic.com/firebasejs/releases.json [none]
[debug] [2020-12-18T20:03:05.464Z] <<< [apiv2][status] GET https://www.gstatic.com/firebasejs/releases.json 200
[debug] [2020-12-18T20:03:05.465Z] <<< [apiv2][body] GET https://www.gstatic.com/firebasejs/releases.json {"current":{"version":"8.2.1","browserURL":"https://www.gstatic.com/firebasejs/8.2.1/firebase.js","packageURL":"https://www.gstatic.com/firebasejs/8.2.1/firebase.tgz"},"live":{"version":"8.2","browserURL":"https://www.gstatic.com/firebasejs/live/8.2/firebase.js","packageURL":"https://www.gstatic.com/firebasejs/live/8.2/firebase.tgz"},"components":{"analytics":"https://www.gstatic.com/firebasejs/8.2.1/firebase-analytics.js","app":"https://www.gstatic.com/firebasejs/8.2.1/firebase-app.js","auth":"https://www.gstatic.com/firebasejs/8.2.1/firebase-auth.js","database":"https://www.gstatic.com/firebasejs/8.2.1/firebase-database.js","firestore":"https://www.gstatic.com/firebasejs/8.2.1/firebase-firestore.js","functions":"https://www.gstatic.com/firebasejs/8.2.1/firebase-functions.js","installations":"https://www.gstatic.com/firebasejs/8.2.1/firebase-installations.js","messaging":"https://www.gstatic.com/firebasejs/8.2.1/firebase-messaging.js","storage":"https://www.gstatic.com/firebasejs/8.2.1/firebase-storage.js","performance":"https://www.gstatic.com/firebasejs/8.2.1/firebase-performance.js","remote-config":"https://www.gstatic.com/firebasejs/8.2.1/firebase-remote-config.js","firestore.memory":"https://www.gstatic.com/firebasejs/8.2.1/firebase-firestore.memory.js"}}
[info] +  Wrote public/index.html 
[info] 
[info] i  Didn't detect a .git folder. Assuming F:\firebase-hosting is the project root. 
[info] i  Authorizing with GitHub to upload your service account to a GitHub repository's secrets store. 
[info] 
[info] Visit this URL on this device to log in:
[info] https://github.com/login/oauth/authorize?client_id=89cf50f02ac6aaed3484&state=603748707&redirect_uri=http%3A%2F%2Flocalhost%3A9005&scope=read%3Auser%20repo%20public_repo
[info] 
[info] Waiting for authentication...
[debug] [2020-12-18T20:03:25.437Z] >>> HTTP REQUEST POST https://github.com/login/oauth/access_token  
 {"client_id":"89cf50f02ac6aaed3484","client_secret":"3330d14abc895d9a74d5f17cd7a00711fa2c5bf0","code":"e58e6815ff70912b1a70","redirect_uri":"http://localhost:9005","state":"603748707"}
[debug] [2020-12-18T20:03:26.682Z] <<< HTTP RESPONSE 200 {"date":"Fri, 18 Dec 2020 20:03:26 GMT","content-type":"application/json; charset=utf-8","transfer-encoding":"chunked","server":"GitHub.com","status":"200 OK","vary":"X-PJAX, Accept-Encoding, Accept, X-Requested-With, Accept-Encoding","etag":"W/\"063a358234574dfb5bc67d636ce88a33\"","cache-control":"max-age=0, private, must-revalidate","strict-transport-security":"max-age=31536000; includeSubdomains; preload","x-frame-options":"deny","x-content-type-options":"nosniff","x-xss-protection":"1; mode=block","referrer-policy":"origin-when-cross-origin, strict-origin-when-cross-origin","expect-ct":"max-age=2592000, report-uri=\"https://api.github.com/_private/browser/errors\"","content-security-policy":"default-src 'none'; base-uri 'self'; block-all-mixed-content; connect-src 'self' uploads.github.com www.githubstatus.com collector.githubapp.com api.github.com github-cloud.s3.amazonaws.com github-production-repository-file-5c1aeb.s3.amazonaws.com github-production-upload-manifest-file-7fdce7.s3.amazonaws.com github-production-user-asset-6210df.s3.amazonaws.com cdn.optimizely.com logx.optimizely.com/v1/events wss://alive.github.com; font-src github.githubassets.com; form-action 'self' github.com gist.github.com; frame-ancestors 'none'; frame-src render.githubusercontent.com; img-src 'self' data: github.githubassets.com identicons.github.com collector.githubapp.com github-cloud.s3.amazonaws.com *.githubusercontent.com; manifest-src 'self'; media-src 'none'; script-src github.githubassets.com; style-src 'unsafe-inline' github.githubassets.com; worker-src github.com/socket-worker-5029ae85.js gist.github.com/socket-worker-5029ae85.js","x-github-request-id":"EB64:3604:1099A61:15E5229:5FDD0B0D"}
[debug] [2020-12-18T20:03:26.683Z] >>> [apiv2][query] GET https://api.github.com/user [none]
[debug] [2020-12-18T20:03:27.539Z] <<< [apiv2][status] GET https://api.github.com/user 200
[debug] [2020-12-18T20:03:27.540Z] <<< [apiv2][body] GET https://api.github.com/user {"login":"Akibkobir","id":63352474,"node_id":"MDQ6VXNlcjYzMzUyNDc0","avatar_url":"https://avatars3.githubusercontent.com/u/63352474?v=4","gravatar_id":"","url":"https://api.github.com/users/Akibkobir","html_url":"https://github.com/Akibkobir","followers_url":"https://api.github.com/users/Akibkobir/followers","following_url":"https://api.github.com/users/Akibkobir/following{/other_user}","gists_url":"https://api.github.com/users/Akibkobir/gists{/gist_id}","starred_url":"https://api.github.com/users/Akibkobir/starred{/owner}{/repo}","subscriptions_url":"https://api.github.com/users/Akibkobir/subscriptions","organizations_url":"https://api.github.com/users/Akibkobir/orgs","repos_url":"https://api.github.com/users/Akibkobir/repos","events_url":"https://api.github.com/users/Akibkobir/events{/privacy}","received_events_url":"https://api.github.com/users/Akibkobir/received_events","type":"User","site_admin":false,"name":"Akib Kobir Rabby","company":"AK","blog":"https://aakibkobirrabby.blogspot.com/","location":null,"email":null,"hireable":null,"bio":"I am a web developer. I am very ambitious and challenging.","twitter_username":null,"public_repos":11,"public_gists":0,"followers":1,"following":1,"created_at":"2020-04-08T12:45:10Z","updated_at":"2020-12-18T20:03:18Z","private_gists":0,"total_private_repos":0,"owned_private_repos":0,"disk_usage":28388,"collaborators":0,"two_factor_authentication":false,"plan":{"name":"free","space":976562499,"collaborators":0,"private_repos":10000}}
[info] 
[info] +  Success! Logged into GitHub as Akibkobir 
[info] 
[debug] [2020-12-18T20:06:15.279Z] >>> [apiv2][query] GET https://api.github.com/repos/firebase-hosting/actions/secrets/public-key type=owner
[debug] [2020-12-18T20:06:16.061Z] <<< [apiv2][status] GET https://api.github.com/repos/firebase-hosting/actions/secrets/public-key 404
[debug] [2020-12-18T20:06:16.061Z] <<< [apiv2][body] GET https://api.github.com/repos/firebase-hosting/actions/secrets/public-key {"message":"Not Found","documentation_url":"https://docs.github.com/rest"}
[debug] [2020-12-18T20:07:07.062Z] >>> [apiv2][query] GET https://api.github.com/repos/firebase-hosting/actions/secrets/public-key type=owner
[debug] [2020-12-18T20:07:07.810Z] <<< [apiv2][status] GET https://api.github.com/repos/firebase-hosting/actions/secrets/public-key 404
[debug] [2020-12-18T20:07:07.810Z] <<< [apiv2][body] GET https://api.github.com/repos/firebase-hosting/actions/secrets/public-key {"message":"Not Found","documentation_url":"https://docs.github.com/rest"}
[debug] [2020-12-18T20:07:27.439Z] >>> [apiv2][query] GET https://api.github.com/repos/akibkobir/actions/secrets/public-key type=owner
[debug] [2020-12-18T20:07:28.060Z] <<< [apiv2][status] GET https://api.github.com/repos/akibkobir/actions/secrets/public-key 404
[debug] [2020-12-18T20:07:28.061Z] <<< [apiv2][body] GET https://api.github.com/repos/akibkobir/actions/secrets/public-key {"message":"Not Found","documentation_url":"https://docs.github.com/rest"}
[debug] [2020-12-18T20:07:33.103Z] >>> [apiv2][query] GET https://api.github.com/repos/user/actions/secrets/public-key type=owner
[debug] [2020-12-18T20:07:33.744Z] <<< [apiv2][status] GET https://api.github.com/repos/user/actions/secrets/public-key 404
[debug] [2020-12-18T20:07:33.744Z] <<< [apiv2][body] GET https://api.github.com/repos/user/actions/secrets/public-key {"message":"Not Found","documentation_url":"https://docs.github.com/rest"}
